(2021-10-24 08:25:18) Pointer 3 will be deleted...
(2021-10-24 08:25:18) Deleting completed.
(2021-10-24 08:26:22) Pointer 3 will be deleted...
(2021-10-24 08:26:22) Deleting completed.
(2021-10-24 08:26:32) Pointer 3 will be deleted...
(2021-10-24 08:26:32) Deleting completed.
(2021-10-24 08:26:56) Pointer 3 will be deleted...
(2021-10-24 08:26:56) Deleting completed.
(2021-10-24 08:27:00) Pointer 3 will be deleted...
(2021-10-24 08:27:00) Deleting completed.
(2021-10-24 08:27:06) Pointer 3 will be deleted...
(2021-10-24 08:27:06) Deleting completed.
(2021-10-24 08:27:17) Pointer 3 will be deleted...
(2021-10-24 08:27:17) Deleting completed.
(2021-10-24 08:27:30) Pointer 3 will be deleted...
(2021-10-24 08:27:30) Deleting completed.
(2021-10-24 08:28:28) Pointer 3 will be deleted...
(2021-10-24 08:28:28) Deleting completed.
(2021-10-24 08:28:41) Pointer 3 will be deleted...
(2021-10-24 08:28:41) Deleting completed.
(2021-10-24 08:28:47) Pointer 3 will be deleted...
(2021-10-24 08:28:47) Deleting completed.
(2021-10-24 08:28:50) Pointer 3 will be deleted...
(2021-10-24 08:28:50) Deleting completed.
(2021-10-24 08:28:52) Pointer 3 will be deleted...
(2021-10-24 08:28:52) Deleting completed.
(2021-10-24 08:29:12) Pointer 3 will be deleted...
(2021-10-24 08:29:12) Deleting completed.
(2021-10-24 08:29:25) Pointer 3 will be deleted...
(2021-10-24 08:29:25) Deleting completed.
(2021-10-24 08:29:45) Pointer 9 will be deleted...
(2021-10-24 08:29:45) Deleting completed.
(2021-10-24 08:29:45) Pointer head node will be deleted...
(2021-10-24 08:29:45) Deleting completed.
(2021-10-24 08:29:45) Pointer 5 will be deleted...
(2021-10-24 08:29:45) Deleting completed.
(2021-10-24 08:29:45) Pointer 4 will be deleted...
(2021-10-24 08:29:45) Deleting completed.
(2021-10-24 08:29:45) Pointer head node will be deleted...
(2021-10-24 08:29:45) Deleting completed.
(2021-10-24 08:29:45) Pointer 1 will be deleted...
(2021-10-24 08:29:45) Deleting completed.
(2021-10-24 08:29:45) Pointer 3 will be deleted...
(2021-10-24 08:29:45) Deleting completed.
(2021-10-24 08:30:08) Pointer 9 will be deleted...
(2021-10-24 08:30:08) Deleting completed.
(2021-10-24 08:30:08) Pointer head node will be deleted...
(2021-10-24 08:30:08) Deleting completed.
(2021-10-24 08:30:08) Pointer 5 will be deleted...
(2021-10-24 08:30:08) Deleting completed.
(2021-10-24 08:30:08) Pointer 4 will be deleted...
(2021-10-24 08:30:08) Deleting completed.
(2021-10-24 08:30:08) Pointer head node will be deleted...
(2021-10-24 08:30:08) Deleting completed.
(2021-10-24 08:30:08) Pointer 1 will be deleted...
(2021-10-24 08:30:08) Deleting completed.
(2021-10-24 08:30:08) Pointer 3 will be deleted...
(2021-10-24 08:30:08) Deleting completed.
(2021-10-24 08:30:44) Pointer 9 will be deleted...
(2021-10-24 08:30:44) Deleting completed.
(2021-10-24 08:30:44) Pointer head node will be deleted...
(2021-10-24 08:30:44) Deleting completed.
(2021-10-24 08:30:44) Pointer 5 will be deleted...
(2021-10-24 08:30:44) Deleting completed.
(2021-10-24 08:30:44) Pointer 4 will be deleted...
(2021-10-24 08:30:44) Deleting completed.
(2021-10-24 08:30:44) Pointer head node will be deleted...
(2021-10-24 08:30:44) Deleting completed.
(2021-10-24 08:30:44) Pointer 1 will be deleted...
(2021-10-24 08:30:44) Deleting completed.
(2021-10-24 08:30:58) Pointer 9 will be deleted...
(2021-10-24 08:30:58) Deleting completed.
(2021-10-24 08:30:58) Pointer head node will be deleted...
(2021-10-24 08:30:58) Deleting completed.
(2021-10-24 08:30:58) Pointer 5 will be deleted...
(2021-10-24 08:30:58) Deleting completed.
(2021-10-24 08:30:58) Pointer 4 will be deleted...
(2021-10-24 08:30:58) Deleting completed.
(2021-10-24 08:30:58) Pointer head node will be deleted...
(2021-10-24 08:30:58) Deleting completed.
(2021-10-24 08:30:58) Pointer 1 will be deleted...
(2021-10-24 08:30:58) Deleting completed.
(2021-10-24 08:31:15) Pointer 9 will be deleted...
(2021-10-24 08:31:15) Deleting completed.
(2021-10-24 08:31:15) Pointer head node will be deleted...
(2021-10-24 08:31:15) Deleting completed.
(2021-10-24 08:31:15) Pointer 5 will be deleted...
(2021-10-24 08:31:15) Deleting completed.
(2021-10-24 08:31:15) Pointer 4 will be deleted...
(2021-10-24 08:31:15) Deleting completed.
(2021-10-24 08:31:15) Pointer head node will be deleted...
(2021-10-24 08:31:15) Deleting completed.
(2021-10-24 08:31:15) Pointer 1 will be deleted...
(2021-10-24 08:31:15) Deleting completed.
(2021-10-24 08:33:54) Pointer 9 will be deleted...
(2021-10-24 08:33:54) Deleting completed.
(2021-10-24 08:33:54) Pointer head node will be deleted...
(2021-10-24 08:33:54) Deleting completed.
(2021-10-24 08:33:54) Pointer 5 will be deleted...
(2021-10-24 08:33:54) Deleting completed.
(2021-10-24 08:33:54) Pointer 4 will be deleted...
(2021-10-24 08:33:54) Deleting completed.
(2021-10-24 08:33:54) Pointer head node will be deleted...
(2021-10-24 08:33:54) Deleting completed.
(2021-10-24 08:33:54) Pointer 1 will be deleted...
(2021-10-24 08:33:54) Deleting completed.
(2021-10-24 08:34:24) Pointer 9 will be deleted...
(2021-10-24 08:34:24) Deleting completed.
(2021-10-24 08:34:24) Pointer head node will be deleted...
(2021-10-24 08:34:24) Deleting completed.
(2021-10-24 08:34:24) Pointer 5 will be deleted...
(2021-10-24 08:34:24) Deleting completed.
(2021-10-24 08:34:24) Pointer 4 will be deleted...
(2021-10-24 08:34:24) Deleting completed.
(2021-10-24 08:34:24) Pointer head node will be deleted...
(2021-10-24 08:34:24) Deleting completed.
(2021-10-24 08:34:24) Pointer 1 will be deleted...
(2021-10-24 08:34:24) Deleting completed.
(2021-10-24 08:36:31) Pointer 9 will be deleted...
(2021-10-24 08:36:31) Deleting completed.
(2021-10-24 08:36:31) Pointer head node will be deleted...
(2021-10-24 08:36:31) Deleting completed.
(2021-10-24 08:36:31) Pointer 5 will be deleted...
(2021-10-24 08:36:31) Deleting completed.
(2021-10-24 08:36:31) Pointer 4 will be deleted...
(2021-10-24 08:36:31) Deleting completed.
(2021-10-24 08:36:31) Pointer head node will be deleted...
(2021-10-24 08:36:31) Deleting completed.
(2021-10-24 08:36:31) Pointer 1 will be deleted...
(2021-10-24 08:36:31) Deleting completed.
(2021-10-24 08:36:51) Pointer 9 will be deleted...
(2021-10-24 08:36:51) Deleting completed.
(2021-10-24 08:36:51) Pointer head node will be deleted...
(2021-10-24 08:36:51) Deleting completed.
(2021-10-24 08:36:51) Pointer 5 will be deleted...
(2021-10-24 08:36:51) Deleting completed.
(2021-10-24 08:36:51) Pointer 4 will be deleted...
(2021-10-24 08:36:51) Deleting completed.
(2021-10-24 08:36:51) Pointer head node will be deleted...
(2021-10-24 08:36:51) Deleting completed.
(2021-10-24 08:36:51) Pointer 1 will be deleted...
(2021-10-24 08:36:51) Deleting completed.
(2021-10-24 08:37:10) Pointer 9 will be deleted...
(2021-10-24 08:37:10) Deleting completed.
(2021-10-24 08:37:10) Pointer head node will be deleted...
(2021-10-24 08:37:10) Deleting completed.
(2021-10-24 08:37:10) Pointer 5 will be deleted...
(2021-10-24 08:37:10) Deleting completed.
(2021-10-24 08:37:10) Pointer 4 will be deleted...
(2021-10-24 08:37:10) Deleting completed.
(2021-10-24 08:37:10) Pointer head node will be deleted...
(2021-10-24 08:37:10) Deleting completed.
(2021-10-24 08:37:10) Pointer 1 will be deleted...
(2021-10-24 08:37:10) Deleting completed.
(2021-10-24 08:37:57) Pointer 9 will be deleted...
(2021-10-24 08:37:57) Deleting completed.
(2021-10-24 08:37:57) Pointer head node will be deleted...
(2021-10-24 08:37:57) Deleting completed.
(2021-10-24 08:37:57) Pointer 5 will be deleted...
(2021-10-24 08:37:57) Deleting completed.
(2021-10-24 08:37:57) Pointer 4 will be deleted...
(2021-10-24 08:37:57) Deleting completed.
(2021-10-24 08:37:57) Pointer head node will be deleted...
(2021-10-24 08:37:57) Deleting completed.
(2021-10-24 08:37:57) Pointer 1 will be deleted...
(2021-10-24 08:37:57) Deleting completed.
(2021-10-24 08:58:56) Pointer 9 will be deleted...
(2021-10-24 08:58:56) Deleting completed.
(2021-10-24 08:58:56) Pointer head node will be deleted...
(2021-10-24 08:58:56) Deleting completed.
(2021-10-24 08:58:56) Pointer 5 will be deleted...
(2021-10-24 08:58:56) Deleting completed.
(2021-10-24 08:58:56) Pointer 4 will be deleted...
(2021-10-24 08:58:56) Deleting completed.
(2021-10-24 08:58:56) Pointer head node will be deleted...
(2021-10-24 08:58:56) Deleting completed.
(2021-10-24 08:58:56) Pointer 1 will be deleted...
(2021-10-24 08:58:56) Deleting completed.
(2021-10-24 08:59:11) Pointer 9 will be deleted...
(2021-10-24 08:59:11) Deleting completed.
(2021-10-24 08:59:11) Pointer head node will be deleted...
(2021-10-24 08:59:11) Deleting completed.
(2021-10-24 08:59:11) Pointer 5 will be deleted...
(2021-10-24 08:59:11) Deleting completed.
(2021-10-24 08:59:11) Pointer 4 will be deleted...
(2021-10-24 08:59:11) Deleting completed.
(2021-10-24 08:59:11) Pointer head node will be deleted...
(2021-10-24 08:59:11) Deleting completed.
(2021-10-24 08:59:11) Pointer 1 will be deleted...
(2021-10-24 08:59:11) Deleting completed.
(2021-10-24 08:59:34) The counter for pointer 1 has been incremented by one.
(2021-10-24 08:59:34) The counter for pointer 1 has been incremented by one.
(2021-10-24 08:59:34) Pointer 9 will be deleted...
(2021-10-24 08:59:34) Deleting completed.
(2021-10-24 08:59:34) Pointer head node will be deleted...
(2021-10-24 08:59:34) Deleting completed.
(2021-10-24 08:59:34) Pointer 5 will be deleted...
(2021-10-24 08:59:34) Deleting completed.
(2021-10-24 08:59:34) Pointer 4 will be deleted...
(2021-10-24 08:59:34) Deleting completed.
(2021-10-24 08:59:34) Pointer head node will be deleted...
(2021-10-24 08:59:34) Deleting completed.
(2021-10-24 08:59:34) Pointer 1 will be deleted...
(2021-10-24 08:59:34) Deleting completed.
(2021-10-24 09:00:08) The counter for pointer head node has been incremented by one.
(2021-10-24 09:00:08) The counter for pointer root dir0 has been incremented by one.
(2021-10-24 09:00:08) Pointer 9 will be deleted...
(2021-10-24 09:00:08) Deleting completed.
(2021-10-24 09:00:08) Pointer head node will be deleted...
(2021-10-24 09:00:08) Deleting completed.
(2021-10-24 09:00:08) Pointer 5 will be deleted...
(2021-10-24 09:00:08) Deleting completed.
(2021-10-24 09:00:08) Pointer 4 will be deleted...
(2021-10-24 09:00:08) Deleting completed.
(2021-10-24 09:00:08) Pointer head node will be deleted...
(2021-10-24 09:00:08) Deleting completed.
(2021-10-24 09:00:08) Pointer 1 will be deleted...
(2021-10-24 09:00:08) Deleting completed.
(2021-10-24 09:00:27) The counter for node head node has been incremented by one.
(2021-10-24 09:00:27) The counter for node root dir0 has been incremented by one.
(2021-10-24 09:00:27) Node 9 will be deleted...
(2021-10-24 09:00:27) Deleting completed.
(2021-10-24 09:00:27) Node head node will be deleted...
(2021-10-24 09:00:27) Deleting completed.
(2021-10-24 09:00:27) Node 5 will be deleted...
(2021-10-24 09:00:27) Deleting completed.
(2021-10-24 09:00:27) Node 4 will be deleted...
(2021-10-24 09:00:27) Deleting completed.
(2021-10-24 09:00:27) Node head node will be deleted...
(2021-10-24 09:00:27) Deleting completed.
(2021-10-24 09:00:27) Node 1 will be deleted...
(2021-10-24 09:00:27) Deleting completed.
(2021-10-24 09:04:40) The counter for node head node has been incremented by one.
(2021-10-24 09:04:40) The counter for node root dir0 has been incremented by one.
(2021-10-24 09:04:40) Node 9 will be deleted...
(2021-10-24 09:04:40) Deleting completed.
(2021-10-24 09:04:40) Node head node will be deleted...
(2021-10-24 09:04:40) Deleting completed.
(2021-10-24 09:04:40) Node 5 will be deleted...
(2021-10-24 09:04:40) Deleting completed.
(2021-10-24 09:04:40) Node 4 will be deleted...
(2021-10-24 09:04:40) Deleting completed.
(2021-10-24 09:04:40) Node head node will be deleted...
(2021-10-24 09:04:40) Deleting completed.
(2021-10-24 09:04:40) Node 1 will be deleted...
(2021-10-24 09:04:40) Deleting completed.
(2021-10-24 09:04:50) The counter for node head node has been incremented by one.
(2021-10-24 09:04:50) The counter for node root dir0 has been incremented by one.
(2021-10-24 09:04:50) Node 9 will be deleted...
(2021-10-24 09:04:50) Deleting completed.
(2021-10-24 09:04:50) Node head node will be deleted...
(2021-10-24 09:04:50) Deleting completed.
(2021-10-24 09:04:50) Node 5 will be deleted...
(2021-10-24 09:04:50) Deleting completed.
(2021-10-24 09:04:50) Node 4 will be deleted...
(2021-10-24 09:04:50) Deleting completed.
(2021-10-24 09:04:50) Node head node will be deleted...
(2021-10-24 09:04:50) Deleting completed.
(2021-10-24 09:04:50) Node 1 will be deleted...
(2021-10-24 09:04:50) Deleting completed.
(2021-10-24 09:05:20) The counter for node head node has been incremented by one.
(2021-10-24 09:05:20) The counter for node root dir0 has been incremented by one.
(2021-10-24 09:05:20) Node 9 will be deleted...
(2021-10-24 09:05:20) Deleting completed.
(2021-10-24 09:05:20) Node head node will be deleted...
(2021-10-24 09:05:20) Deleting completed.
(2021-10-24 09:05:20) Node 5 will be deleted...
(2021-10-24 09:05:20) Deleting completed.
(2021-10-24 09:05:20) Node 4 will be deleted...
(2021-10-24 09:05:20) Deleting completed.
(2021-10-24 09:05:20) Node head node will be deleted...
(2021-10-24 09:05:20) Deleting completed.
(2021-10-24 09:05:20) Node 1 will be deleted...
(2021-10-24 09:05:20) Deleting completed.
(2021-10-24 09:05:23) The counter for node head node has been incremented by one.
(2021-10-24 09:05:23) The counter for node root dir0 has been incremented by one.
(2021-10-24 09:05:23) Node 9 will be deleted...
(2021-10-24 09:05:23) Deleting completed.
(2021-10-24 09:05:23) Node head node will be deleted...
(2021-10-24 09:05:23) Deleting completed.
(2021-10-24 09:05:23) Node 5 will be deleted...
(2021-10-24 09:05:23) Deleting completed.
(2021-10-24 09:05:23) Node 4 will be deleted...
(2021-10-24 09:05:23) Deleting completed.
(2021-10-24 09:05:23) Node head node will be deleted...
(2021-10-24 09:05:23) Deleting completed.
(2021-10-24 09:05:23) Node 1 will be deleted...
(2021-10-24 09:05:23) Deleting completed.
(2021-10-24 09:05:25) The counter for node head node has been incremented by one.
(2021-10-24 09:05:25) The counter for node root dir0 has been incremented by one.
(2021-10-24 09:05:25) Node 9 will be deleted...
(2021-10-24 09:05:25) Deleting completed.
(2021-10-24 09:05:25) Node head node will be deleted...
(2021-10-24 09:05:25) Deleting completed.
(2021-10-24 09:05:25) Node 5 will be deleted...
(2021-10-24 09:05:25) Deleting completed.
(2021-10-24 09:05:25) Node 4 will be deleted...
(2021-10-24 09:05:25) Deleting completed.
(2021-10-24 09:05:25) Node head node will be deleted...
(2021-10-24 09:05:25) Deleting completed.
(2021-10-24 09:05:25) Node 1 will be deleted...
(2021-10-24 09:05:25) Deleting completed.
(2021-10-24 09:05:29) The counter for node head node has been incremented by one.
(2021-10-24 09:05:29) The counter for node root dir0 has been incremented by one.
(2021-10-24 09:05:29) Node 9 will be deleted...
(2021-10-24 09:05:29) Deleting completed.
(2021-10-24 09:05:29) Node head node will be deleted...
(2021-10-24 09:05:29) Deleting completed.
(2021-10-24 09:05:29) Node 5 will be deleted...
(2021-10-24 09:05:29) Deleting completed.
(2021-10-24 09:05:29) Node 4 will be deleted...
(2021-10-24 09:05:29) Deleting completed.
(2021-10-24 09:05:29) Node head node will be deleted...
(2021-10-24 09:05:29) Deleting completed.
(2021-10-24 09:05:29) Node 1 will be deleted...
(2021-10-24 09:05:29) Deleting completed.
(2021-10-24 09:05:31) The counter for node head node has been incremented by one.
(2021-10-24 09:05:31) The counter for node root dir0 has been incremented by one.
(2021-10-24 09:05:31) Node 9 will be deleted...
(2021-10-24 09:05:31) Deleting completed.
(2021-10-24 09:05:31) Node head node will be deleted...
(2021-10-24 09:05:31) Deleting completed.
(2021-10-24 09:05:31) Node 5 will be deleted...
(2021-10-24 09:05:31) Deleting completed.
(2021-10-24 09:05:31) Node 4 will be deleted...
(2021-10-24 09:05:31) Deleting completed.
(2021-10-24 09:05:31) Node head node will be deleted...
(2021-10-24 09:05:31) Deleting completed.
(2021-10-24 09:05:31) Node 1 will be deleted...
(2021-10-24 09:05:31) Deleting completed.
(2021-10-24 09:05:41) The counter for node head node has been incremented by one.
(2021-10-24 09:05:41) The counter for node root dir0 has been incremented by one.
(2021-10-24 09:05:41) Node 9 will be deleted...
(2021-10-24 09:05:41) Deleting completed.
(2021-10-24 09:05:41) Node head node will be deleted...
(2021-10-24 09:05:41) Deleting completed.
(2021-10-24 09:05:41) Node 5 will be deleted...
(2021-10-24 09:05:41) Deleting completed.
(2021-10-24 09:05:41) Node 4 will be deleted...
(2021-10-24 09:05:41) Deleting completed.
(2021-10-24 09:05:41) Node head node will be deleted...
(2021-10-24 09:05:41) Deleting completed.
(2021-10-24 09:05:41) Node 1 will be deleted...
(2021-10-24 09:05:41) Deleting completed.
(2021-10-24 09:05:43) The counter for node head node has been incremented by one.
(2021-10-24 09:05:43) The counter for node root dir0 has been incremented by one.
(2021-10-24 09:05:43) Node 9 will be deleted...
(2021-10-24 09:05:43) Deleting completed.
(2021-10-24 09:05:43) Node head node will be deleted...
(2021-10-24 09:05:43) Deleting completed.
(2021-10-24 09:05:43) Node 5 will be deleted...
(2021-10-24 09:05:43) Deleting completed.
(2021-10-24 09:05:43) Node 4 will be deleted...
(2021-10-24 09:05:43) Deleting completed.
(2021-10-24 09:05:43) Node head node will be deleted...
(2021-10-24 09:05:43) Deleting completed.
(2021-10-24 09:05:43) Node 1 will be deleted...
(2021-10-24 09:05:43) Deleting completed.
(2021-10-24 09:08:02) The counter for node head node has been incremented by one.
(2021-10-24 09:08:02) The counter for node root dir0 has been incremented by one.
(2021-10-24 09:08:02) Node 9 will be deleted...
(2021-10-24 09:08:02) Deleting completed.
(2021-10-24 09:08:02) Node head node will be deleted...
(2021-10-24 09:08:02) Deleting completed.
(2021-10-24 09:08:02) Node 5 will be deleted...
(2021-10-24 09:08:02) Deleting completed.
(2021-10-24 09:08:02) Node 4 will be deleted...
(2021-10-24 09:08:02) Deleting completed.
(2021-10-24 09:08:02) Node head node will be deleted...
(2021-10-24 09:08:02) Deleting completed.
(2021-10-24 09:08:02) Node 1 will be deleted...
(2021-10-24 09:08:02) Deleting completed.
(2021-10-24 09:10:17) The counter for node head node has been incremented by one.
(2021-10-24 09:10:17) The counter for node root dir0 has been incremented by one.
(2021-10-24 09:10:17) Node 9 will be deleted...
(2021-10-24 09:10:17) Deleting completed.
(2021-10-24 09:10:17) Node head node will be deleted...
(2021-10-24 09:10:17) Deleting completed.
(2021-10-24 09:10:17) Node 5 will be deleted...
(2021-10-24 09:10:17) Deleting completed.
(2021-10-24 09:10:17) Node 4 will be deleted...
(2021-10-24 09:10:17) Deleting completed.
(2021-10-24 09:10:17) Node head node will be deleted...
(2021-10-24 09:10:17) Deleting completed.
(2021-10-24 09:10:17) Node 1 will be deleted...
(2021-10-24 09:10:17) Deleting completed.
(2021-10-24 09:10:45) The counter for node head node has been incremented by one.
(2021-10-24 09:10:45) The counter for node root dir0 has been incremented by one.
(2021-10-24 09:10:45) Node 9 will be deleted...
(2021-10-24 09:10:45) Deleting completed.
(2021-10-24 09:10:45) Node head node will be deleted...
(2021-10-24 09:10:45) Deleting completed.
(2021-10-24 09:10:45) Node 5 will be deleted...
(2021-10-24 09:10:45) Deleting completed.
(2021-10-24 09:10:45) Node 4 will be deleted...
(2021-10-24 09:10:45) Deleting completed.
(2021-10-24 09:10:45) Node head node will be deleted...
(2021-10-24 09:10:45) Deleting completed.
(2021-10-24 09:10:45) Node 1 will be deleted...
(2021-10-24 09:10:45) Deleting completed.
(2021-10-24 09:11:46) The counter for node head node has been incremented by one.
(2021-10-24 09:11:46) The counter for node root dir0 has been incremented by one.
(2021-10-24 09:11:46) Node 9 will be deleted...
(2021-10-24 09:11:46) Deleting completed.
(2021-10-24 09:11:46) Node head node will be deleted...
(2021-10-24 09:11:46) Deleting completed.
(2021-10-24 09:11:46) Node 5 will be deleted...
(2021-10-24 09:11:46) Deleting completed.
(2021-10-24 09:11:46) Node 4 will be deleted...
(2021-10-24 09:11:46) Deleting completed.
(2021-10-24 09:11:46) Node head node will be deleted...
(2021-10-24 09:11:46) Deleting completed.
(2021-10-24 09:11:46) Node 1 will be deleted...
(2021-10-24 09:11:46) Deleting completed.
(2021-10-24 09:17:36) The counter for node head node has been incremented by one.
(2021-10-24 09:17:36) The counter for node root dir0 has been incremented by one.
(2021-10-24 09:17:36) Node 9 will be deleted...
(2021-10-24 09:17:36) Deleting completed.
(2021-10-24 09:17:36) Node head node will be deleted...
(2021-10-24 09:17:36) Deleting completed.
(2021-10-24 09:17:36) Node 5 will be deleted...
(2021-10-24 09:17:36) Deleting completed.
(2021-10-24 09:17:36) Node 4 will be deleted...
(2021-10-24 09:17:36) Deleting completed.
(2021-10-24 09:17:36) Node head node will be deleted...
(2021-10-24 09:17:36) Deleting completed.
(2021-10-24 09:17:36) Node 1 will be deleted...
(2021-10-24 09:17:36) Deleting completed.
(2021-10-24 09:20:12) The counter for node head node has been incremented by one.
(2021-10-24 09:20:12) The counter for node root dir0 has been incremented by one.
(2021-10-24 09:20:34) The counter for node head node has been incremented by one.
(2021-10-24 09:20:34) The counter for node root dir0 has been incremented by one.
(2021-10-24 09:22:02) The counter for node head node has been incremented by one.
(2021-10-24 09:22:02) The counter for node root dir0 has been incremented by one.
(2021-10-24 09:22:04) The counter for node head node has been incremented by one.
(2021-10-24 09:22:04) The counter for node root dir0 has been incremented by one.
(2021-10-24 09:22:06) The counter for node head node has been incremented by one.
(2021-10-24 09:22:06) The counter for node root dir0 has been incremented by one.
(2021-10-24 09:22:08) The counter for node head node has been incremented by one.
(2021-10-24 09:22:08) The counter for node root dir0 has been incremented by one.
(2021-10-24 09:22:09) The counter for node head node has been incremented by one.
(2021-10-24 09:22:09) The counter for node root dir0 has been incremented by one.
(2021-10-24 09:22:27) The counter for node head node has been incremented by one.
(2021-10-24 09:22:27) The counter for node root dir0 has been incremented by one.
(2021-10-24 09:22:29) The counter for node head node has been incremented by one.
(2021-10-24 09:22:29) The counter for node root dir0 has been incremented by one.
(2021-10-24 09:22:30) The counter for node head node has been incremented by one.
(2021-10-24 09:22:30) The counter for node root dir0 has been incremented by one.
(2021-10-24 09:22:32) The counter for node head node has been incremented by one.
(2021-10-24 09:22:32) The counter for node root dir0 has been incremented by one.
(2021-10-24 09:22:35) The counter for node head node has been incremented by one.
(2021-10-24 09:22:35) The counter for node root dir0 has been incremented by one.
(2021-10-24 09:22:36) The counter for node head node has been incremented by one.
(2021-10-24 09:22:36) The counter for node root dir0 has been incremented by one.
(2021-10-24 09:22:38) The counter for node head node has been incremented by one.
(2021-10-24 09:22:38) The counter for node root dir0 has been incremented by one.
(2021-10-24 09:22:39) The counter for node head node has been incremented by one.
(2021-10-24 09:22:39) The counter for node root dir0 has been incremented by one.
(2021-10-24 09:22:41) The counter for node head node has been incremented by one.
(2021-10-24 09:22:41) The counter for node root dir0 has been incremented by one.
(2021-10-24 09:23:08) The counter for node head node has been incremented by one.
(2021-10-24 09:23:08) The counter for node root dir0 has been incremented by one.
(2021-10-24 09:23:10) The counter for node head node has been incremented by one.
(2021-10-24 09:23:10) The counter for node root dir0 has been incremented by one.
(2021-10-24 09:24:58) The counter for node head node has been incremented by one.
(2021-10-24 09:24:58) The counter for node root dir0 has been incremented by one.
(2021-10-24 09:25:00) The counter for node head node has been incremented by one.
(2021-10-24 09:25:00) The counter for node root dir0 has been incremented by one.
(2021-10-24 09:26:56) The counter for node head node has been incremented by one.
(2021-10-24 09:26:56) The counter for node root dir0 has been incremented by one.
(2021-10-24 09:28:17) The counter for node head node has been incremented by one.
(2021-10-24 09:28:17) The counter for node root dir0 has been incremented by one.
(2021-10-24 09:29:00) The counter for node head node has been incremented by one.
(2021-10-24 09:29:00) The counter for node root dir0 has been incremented by one.
(2021-10-24 09:29:40) The counter for node head node has been incremented by one.
(2021-10-24 09:29:40) The counter for node root dir0 has been incremented by one.
(2021-10-24 09:29:43) The counter for node head node has been incremented by one.
(2021-10-24 09:29:43) The counter for node root dir0 has been incremented by one.
(2021-10-24 09:29:45) The counter for node head node has been incremented by one.
(2021-10-24 09:29:45) The counter for node root dir0 has been incremented by one.
(2021-10-24 09:29:46) The counter for node head node has been incremented by one.
(2021-10-24 09:29:46) The counter for node root dir0 has been incremented by one.
(2021-10-24 09:29:48) The counter for node head node has been incremented by one.
(2021-10-24 09:29:48) The counter for node root dir0 has been incremented by one.
(2021-10-24 09:29:49) The counter for node head node has been incremented by one.
(2021-10-24 09:29:49) The counter for node root dir0 has been incremented by one.
(2021-10-24 09:29:51) The counter for node head node has been incremented by one.
(2021-10-24 09:29:51) The counter for node root dir0 has been incremented by one.
(2021-10-24 09:29:52) The counter for node head node has been incremented by one.
(2021-10-24 09:29:52) The counter for node root dir0 has been incremented by one.
(2021-10-24 09:29:54) The counter for node head node has been incremented by one.
(2021-10-24 09:29:54) The counter for node root dir0 has been incremented by one.
(2021-10-24 09:29:55) The counter for node head node has been incremented by one.
(2021-10-24 09:29:55) The counter for node root dir0 has been incremented by one.
(2021-10-24 09:29:57) The counter for node head node has been incremented by one.
(2021-10-24 09:29:57) The counter for node root dir0 has been incremented by one.
(2021-10-24 09:29:58) The counter for node head node has been incremented by one.
(2021-10-24 09:29:58) The counter for node root dir0 has been incremented by one.
(2021-10-24 09:30:00) The counter for node head node has been incremented by one.
(2021-10-24 09:30:00) The counter for node root dir0 has been incremented by one.
(2021-10-24 09:30:01) The counter for node head node has been incremented by one.
(2021-10-24 09:30:01) The counter for node root dir0 has been incremented by one.
(2021-10-24 09:30:03) The counter for node head node has been incremented by one.
(2021-10-24 09:30:03) The counter for node root dir0 has been incremented by one.
(2021-10-24 09:30:04) The counter for node head node has been incremented by one.
(2021-10-24 09:30:04) The counter for node root dir0 has been incremented by one.
(2021-10-24 09:30:16) The counter for node head node has been incremented by one.
(2021-10-24 09:30:16) The counter for node root dir0 has been incremented by one.
(2021-10-24 09:39:47) The counter for node head node has been incremented by one.
(2021-10-24 09:39:47) The counter for node root dir0 has been incremented by one.
(2021-10-24 09:39:57) The counter for node head node has been incremented by one.
(2021-10-24 09:39:57) The counter for node root dir0 has been incremented by one.
(2021-10-24 09:40:01) The counter for node head node has been incremented by one.
(2021-10-24 09:40:01) The counter for node root dir0 has been incremented by one.
(2021-10-24 10:45:54) The counter for node head node has been incremented by one.
(2021-10-24 10:45:54) The counter for node root dir0 has been incremented by one.
(2021-10-24 10:46:38) The counter for node head node has been incremented by one.
(2021-10-24 10:46:38) The counter for node root dir0 has been incremented by one.
(2021-10-24 10:46:57) The counter for node head node has been incremented by one.
(2021-10-24 10:46:57) The counter for node root dir0 has been incremented by one.
(2021-10-24 10:46:57) Node 9 will be deleted...
(2021-10-24 10:46:57) Deleting completed.
(2021-10-24 10:46:57) Node head node will be deleted...
(2021-10-24 10:46:57) Deleting completed.
(2021-10-24 10:46:57) Node 5 will be deleted...
(2021-10-24 10:46:57) Deleting completed.
(2021-10-24 10:46:57) Node 4 will be deleted...
(2021-10-24 10:46:57) Deleting completed.
(2021-10-24 10:46:57) Node head node will be deleted...
(2021-10-24 10:46:57) Deleting completed.
(2021-10-24 10:46:57) Node 1 will be deleted...
(2021-10-24 10:46:57) Deleting completed.
(2021-10-24 10:47:22) The counter for node head node has been incremented by one.
(2021-10-24 10:47:22) The counter for node root dir0 has been incremented by one.
(2021-10-24 10:47:22) Node 9 will be deleted...
(2021-10-24 10:47:22) Deleting completed.
(2021-10-24 10:47:22) Node head node will be deleted...
(2021-10-24 10:47:22) Deleting completed.
(2021-10-24 10:47:22) Node 5 will be deleted...
(2021-10-24 10:47:22) Deleting completed.
(2021-10-24 10:47:22) Node 4 will be deleted...
(2021-10-24 10:47:22) Deleting completed.
(2021-10-24 10:47:22) Node head node will be deleted...
(2021-10-24 10:47:22) Deleting completed.
(2021-10-24 10:47:22) Node 1 will be deleted...
(2021-10-24 10:47:22) Deleting completed.
(2021-10-24 10:47:24) The counter for node head node has been incremented by one.
(2021-10-24 10:47:24) The counter for node root dir0 has been incremented by one.
(2021-10-24 10:47:24) Node 9 will be deleted...
(2021-10-24 10:47:24) Deleting completed.
(2021-10-24 10:47:24) Node head node will be deleted...
(2021-10-24 10:47:24) Deleting completed.
(2021-10-24 10:47:24) Node 5 will be deleted...
(2021-10-24 10:47:24) Deleting completed.
(2021-10-24 10:47:24) Node 4 will be deleted...
(2021-10-24 10:47:24) Deleting completed.
(2021-10-24 10:47:24) Node head node will be deleted...
(2021-10-24 10:47:24) Deleting completed.
(2021-10-24 10:47:24) Node 1 will be deleted...
(2021-10-24 10:47:24) Deleting completed.
(2021-10-24 10:48:34) The counter for node head node has been incremented by one.
(2021-10-24 10:48:34) The counter for node root dir0 has been incremented by one.
(2021-10-24 10:48:34) Node 9 will be deleted...
(2021-10-24 10:48:34) Deleting completed.
(2021-10-24 10:48:34) Node head node will be deleted...
(2021-10-24 10:48:34) Deleting completed.
(2021-10-24 10:48:34) Node 5 will be deleted...
(2021-10-24 10:48:34) Deleting completed.
(2021-10-24 10:48:34) Node 4 will be deleted...
(2021-10-24 10:48:34) Deleting completed.
(2021-10-24 10:48:34) Node head node will be deleted...
(2021-10-24 10:48:34) Deleting completed.
(2021-10-24 10:48:34) Node 1 will be deleted...
(2021-10-24 10:48:34) Deleting completed.
(2021-10-24 10:49:18) The counter for node head node has been incremented by one.
(2021-10-24 10:49:18) The counter for node root dir0 has been incremented by one.
(2021-10-24 10:49:18) Node 9 will be deleted...
(2021-10-24 10:49:18) Deleting completed.
(2021-10-24 10:49:18) Node head node will be deleted...
(2021-10-24 10:49:18) Deleting completed.
(2021-10-24 10:49:18) Node 5 will be deleted...
(2021-10-24 10:49:18) Deleting completed.
(2021-10-24 10:49:18) Node 4 will be deleted...
(2021-10-24 10:49:18) Deleting completed.
(2021-10-24 10:49:18) Node head node will be deleted...
(2021-10-24 10:49:18) Deleting completed.
(2021-10-24 10:49:18) Node 1 will be deleted...
(2021-10-24 10:49:18) Deleting completed.
(2021-10-24 10:49:18) The counter for node 7 has been incremented by one.
(2021-10-24 10:49:18) The counter for node 6 has been incremented by one.
(2021-10-24 10:49:18) The counter for node head node has been incremented by one.
(2021-10-24 10:49:18) The counter for node 8 has been incremented by one.
(2021-10-24 10:49:18) The counter for node 3 has been incremented by one.
(2021-10-24 10:49:18) The counter for node 2 has been incremented by one.
(2021-10-24 10:49:18) The counter for node head node has been incremented by one.
(2021-10-24 10:49:18) The counter for node root dir1 has been incremented by one.
(2021-10-24 10:49:18) Node 3 will be deleted...
(2021-10-24 10:49:18) Deleting completed.
(2021-10-24 10:49:37) The counter for node head node has been incremented by one.
(2021-10-24 10:49:37) The counter for node root dir0 has been incremented by one.
(2021-10-24 10:49:37) The counter for node 9 has been incremented by one.
(2021-10-24 10:49:37) The counter for node head node has been incremented by one.
(2021-10-24 10:49:37) The counter for node 5 has been incremented by one.
(2021-10-24 10:49:37) The counter for node 4 has been incremented by one.
(2021-10-24 10:49:37) The counter for node head node has been incremented by one.
(2021-10-24 10:49:37) The counter for node 7 has been incremented by one.
(2021-10-24 10:49:37) The counter for node 6 has been incremented by one.
(2021-10-24 10:49:37) The counter for node head node has been incremented by one.
(2021-10-24 10:49:37) The counter for node 8 has been incremented by one.
(2021-10-24 10:49:37) The counter for node 3 has been incremented by one.
(2021-10-24 10:49:37) The counter for node 2 has been incremented by one.
(2021-10-24 10:49:37) The counter for node 1 has been incremented by one.
(2021-10-24 10:49:37) The counter for node head node has been incremented by one.
(2021-10-24 10:49:37) The counter for node root dir1 has been incremented by one.
(2021-10-24 10:49:37) Node 3 will be deleted...
(2021-10-24 10:49:37) Deleting completed.
(2021-10-24 10:49:56) The counter for node head node has been incremented by one.
(2021-10-24 10:49:56) The counter for node root dir0 has been incremented by one.
(2021-10-24 10:49:56) Node 9 will be deleted...
(2021-10-24 10:49:56) Deleting completed.
(2021-10-24 10:49:56) Node head node will be deleted...
(2021-10-24 10:49:56) Deleting completed.
(2021-10-24 10:49:56) Node 5 will be deleted...
(2021-10-24 10:49:56) Deleting completed.
(2021-10-24 10:49:56) Node 4 will be deleted...
(2021-10-24 10:49:56) Deleting completed.
(2021-10-24 10:49:56) Node head node will be deleted...
(2021-10-24 10:49:56) Deleting completed.
(2021-10-24 10:49:56) Node 1 will be deleted...
(2021-10-24 10:49:56) Deleting completed.
(2021-10-24 10:49:56) The counter for node 7 has been incremented by one.
(2021-10-24 10:49:56) The counter for node 6 has been incremented by one.
(2021-10-24 10:49:56) The counter for node head node has been incremented by one.
(2021-10-24 10:49:56) The counter for node 8 has been incremented by one.
(2021-10-24 10:49:56) The counter for node 3 has been incremented by one.
(2021-10-24 10:49:56) The counter for node 2 has been incremented by one.
(2021-10-24 10:49:56) The counter for node head node has been incremented by one.
(2021-10-24 10:49:56) The counter for node root dir1 has been incremented by one.
(2021-10-24 10:49:56) Node 3 will be deleted...
(2021-10-24 10:49:56) Deleting completed.
(2021-10-24 10:50:59) The counter for node head node has been incremented by one.
(2021-10-24 10:50:59) The counter for node root dir0 has been incremented by one.
(2021-10-24 10:50:59) The counter for node 9 has been incremented by one.
(2021-10-24 10:50:59) The counter for node head node has been incremented by one.
(2021-10-24 10:50:59) The counter for node 5 has been incremented by one.
(2021-10-24 10:50:59) The counter for node 4 has been incremented by one.
(2021-10-24 10:50:59) The counter for node head node has been incremented by one.
(2021-10-24 10:50:59) The counter for node 7 has been incremented by one.
(2021-10-24 10:50:59) The counter for node 6 has been incremented by one.
(2021-10-24 10:50:59) The counter for node head node has been incremented by one.
(2021-10-24 10:50:59) The counter for node 8 has been incremented by one.
(2021-10-24 10:50:59) The counter for node 3 has been incremented by one.
(2021-10-24 10:50:59) The counter for node 2 has been incremented by one.
(2021-10-24 10:50:59) The counter for node 1 has been incremented by one.
(2021-10-24 10:50:59) The counter for node head node has been incremented by one.
(2021-10-24 10:50:59) The counter for node root dir1 has been incremented by one.
(2021-10-24 10:51:27) The counter for node head node has been incremented by one.
(2021-10-24 10:51:27) The counter for node root dir0 has been incremented by one.
(2021-10-24 10:51:27) The counter for node 9 has been incremented by one.
(2021-10-24 10:51:27) The counter for node head node has been incremented by one.
(2021-10-24 10:51:27) The counter for node 5 has been incremented by one.
(2021-10-24 10:51:27) The counter for node 4 has been incremented by one.
(2021-10-24 10:51:27) The counter for node head node has been incremented by one.
(2021-10-24 10:51:27) The counter for node 7 has been incremented by one.
(2021-10-24 10:51:27) The counter for node 6 has been incremented by one.
(2021-10-24 10:51:27) The counter for node head node has been incremented by one.
(2021-10-24 10:51:27) The counter for node 8 has been incremented by one.
(2021-10-24 10:51:27) The counter for node 3 has been incremented by one.
(2021-10-24 10:51:27) The counter for node 2 has been incremented by one.
(2021-10-24 10:51:27) The counter for node 1 has been incremented by one.
(2021-10-24 10:51:27) The counter for node head node has been incremented by one.
(2021-10-24 10:51:27) The counter for node root dir1 has been incremented by one.
(2021-10-24 10:51:34) The counter for node head node has been incremented by one.
(2021-10-24 10:51:34) The counter for node root dir0 has been incremented by one.
(2021-10-24 10:51:34) The counter for node 9 has been incremented by one.
(2021-10-24 10:51:34) The counter for node head node has been incremented by one.
(2021-10-24 10:51:34) The counter for node 5 has been incremented by one.
(2021-10-24 10:51:34) The counter for node 4 has been incremented by one.
(2021-10-24 10:51:34) The counter for node head node has been incremented by one.
(2021-10-24 10:51:34) The counter for node 7 has been incremented by one.
(2021-10-24 10:51:34) The counter for node 6 has been incremented by one.
(2021-10-24 10:51:34) The counter for node head node has been incremented by one.
(2021-10-24 10:51:34) The counter for node 8 has been incremented by one.
(2021-10-24 10:51:34) The counter for node 3 has been incremented by one.
(2021-10-24 10:51:34) The counter for node 2 has been incremented by one.
(2021-10-24 10:51:34) The counter for node 1 has been incremented by one.
(2021-10-24 10:51:34) The counter for node head node has been incremented by one.
(2021-10-24 10:51:34) The counter for node root dir1 has been incremented by one.
(2021-10-24 10:52:31) The counter for node head node has been incremented by one.
(2021-10-24 10:52:31) The counter for node root dir0 has been incremented by one.
(2021-10-24 10:52:31) The counter for node 9 has been incremented by one.
(2021-10-24 10:52:31) The counter for node head node has been incremented by one.
(2021-10-24 10:52:31) The counter for node 5 has been incremented by one.
(2021-10-24 10:52:31) The counter for node 4 has been incremented by one.
(2021-10-24 10:52:31) The counter for node head node has been incremented by one.
(2021-10-24 10:52:31) The counter for node 7 has been incremented by one.
(2021-10-24 10:52:31) The counter for node 6 has been incremented by one.
(2021-10-24 10:52:31) The counter for node head node has been incremented by one.
(2021-10-24 10:52:31) The counter for node 8 has been incremented by one.
(2021-10-24 10:52:31) The counter for node 3 has been incremented by one.
(2021-10-24 10:52:31) The counter for node 2 has been incremented by one.
(2021-10-24 10:52:31) The counter for node 1 has been incremented by one.
(2021-10-24 10:52:31) The counter for node head node has been incremented by one.
(2021-10-24 10:52:31) The counter for node root dir1 has been incremented by one.
(2021-10-24 10:53:03) The counter for node head node has been incremented by one.
(2021-10-24 10:53:03) The counter for node root dir0 has been incremented by one.
(2021-10-24 10:53:03) The counter for node 9 has been incremented by one.
(2021-10-24 10:53:03) The counter for node head node has been incremented by one.
(2021-10-24 10:53:03) The counter for node 5 has been incremented by one.
(2021-10-24 10:53:03) The counter for node 4 has been incremented by one.
(2021-10-24 10:53:03) The counter for node head node has been incremented by one.
(2021-10-24 10:53:03) The counter for node 7 has been incremented by one.
(2021-10-24 10:53:03) The counter for node 6 has been incremented by one.
(2021-10-24 10:53:03) The counter for node head node has been incremented by one.
(2021-10-24 10:53:03) The counter for node 8 has been incremented by one.
(2021-10-24 10:53:03) The counter for node 3 has been incremented by one.
(2021-10-24 10:53:03) The counter for node 2 has been incremented by one.
(2021-10-24 10:53:03) The counter for node 1 has been incremented by one.
(2021-10-24 10:53:03) The counter for node head node has been incremented by one.
(2021-10-24 10:53:03) The counter for node root dir1 has been incremented by one.
(2021-10-24 10:53:33) The counter for node head node has been incremented by one.
(2021-10-24 10:53:33) The counter for node root dir0 has been incremented by one.
(2021-10-24 10:53:33) The counter for node 9 has been incremented by one.
(2021-10-24 10:53:33) The counter for node head node has been incremented by one.
(2021-10-24 10:53:33) The counter for node 5 has been incremented by one.
(2021-10-24 10:53:33) The counter for node 4 has been incremented by one.
(2021-10-24 10:53:33) The counter for node head node has been incremented by one.
(2021-10-24 10:53:33) The counter for node 7 has been incremented by one.
(2021-10-24 10:53:33) The counter for node 6 has been incremented by one.
(2021-10-24 10:53:33) The counter for node head node has been incremented by one.
(2021-10-24 10:53:33) The counter for node 8 has been incremented by one.
(2021-10-24 10:53:33) The counter for node 3 has been incremented by one.
(2021-10-24 10:53:33) The counter for node 2 has been incremented by one.
(2021-10-24 10:53:33) The counter for node 1 has been incremented by one.
(2021-10-24 10:53:33) The counter for node head node has been incremented by one.
(2021-10-24 10:53:33) The counter for node root dir1 has been incremented by one.
(2021-10-24 10:54:08) The counter for node head node has been incremented by one.
(2021-10-24 10:54:08) The counter for node root dir0 has been incremented by one.
(2021-10-24 10:54:08) The counter for node 9 has been incremented by one.
(2021-10-24 10:54:08) The counter for node head node has been incremented by one.
(2021-10-24 10:54:08) The counter for node 5 has been incremented by one.
(2021-10-24 10:54:08) The counter for node 4 has been incremented by one.
(2021-10-24 10:54:08) The counter for node head node has been incremented by one.
(2021-10-24 10:54:08) The counter for node 7 has been incremented by one.
(2021-10-24 10:54:08) The counter for node 6 has been incremented by one.
(2021-10-24 10:54:08) The counter for node head node has been incremented by one.
(2021-10-24 10:54:08) The counter for node 8 has been incremented by one.
(2021-10-24 10:54:08) The counter for node 3 has been incremented by one.
(2021-10-24 10:54:08) The counter for node 2 has been incremented by one.
(2021-10-24 10:54:08) The counter for node 1 has been incremented by one.
(2021-10-24 10:54:08) The counter for node head node has been incremented by one.
(2021-10-24 10:54:08) The counter for node root dir1 has been incremented by one.
(2021-10-24 10:59:28) The counter for node head node has been incremented by one.
(2021-10-24 10:59:28) The counter for node root dir0 has been incremented by one.
(2021-10-24 10:59:28) The counter for node 9 has been incremented by one.
(2021-10-24 10:59:28) The counter for node head node has been incremented by one.
(2021-10-24 10:59:28) The counter for node 5 has been incremented by one.
(2021-10-24 10:59:28) The counter for node 4 has been incremented by one.
(2021-10-24 10:59:28) The counter for node head node has been incremented by one.
(2021-10-24 10:59:28) The counter for node 7 has been incremented by one.
(2021-10-24 10:59:28) The counter for node 6 has been incremented by one.
(2021-10-24 10:59:28) The counter for node head node has been incremented by one.
(2021-10-24 10:59:28) The counter for node 8 has been incremented by one.
(2021-10-24 10:59:28) The counter for node 3 has been incremented by one.
(2021-10-24 10:59:28) The counter for node 2 has been incremented by one.
(2021-10-24 10:59:28) The counter for node 1 has been incremented by one.
(2021-10-24 10:59:28) The counter for node head node has been incremented by one.
(2021-10-24 10:59:28) The counter for node root dir1 has been incremented by one.
(2021-10-24 11:00:36) The counter for node head node has been incremented by one.
(2021-10-24 11:00:36) The counter for node root dir0 has been incremented by one.
(2021-10-24 11:00:36) The counter for node 9 has been incremented by one.
(2021-10-24 11:00:36) The counter for node head node has been incremented by one.
(2021-10-24 11:00:36) The counter for node 5 has been incremented by one.
(2021-10-24 11:00:36) The counter for node 4 has been incremented by one.
(2021-10-24 11:00:36) The counter for node head node has been incremented by one.
(2021-10-24 11:00:36) The counter for node 7 has been incremented by one.
(2021-10-24 11:00:36) The counter for node 6 has been incremented by one.
(2021-10-24 11:00:36) The counter for node head node has been incremented by one.
(2021-10-24 11:00:36) The counter for node 8 has been incremented by one.
(2021-10-24 11:00:36) The counter for node 3 has been incremented by one.
(2021-10-24 11:00:36) The counter for node 2 has been incremented by one.
(2021-10-24 11:00:36) The counter for node 1 has been incremented by one.
(2021-10-24 11:00:36) The counter for node head node has been incremented by one.
(2021-10-24 11:00:36) The counter for node root dir1 has been incremented by one.
(2021-10-24 11:44:55) The counter for node head node has been incremented by one.
(2021-10-24 11:44:55) The counter for node root dir0 has been incremented by one.
(2021-10-24 11:46:44) The counter for node head node has been incremented by one.
(2021-10-24 11:46:44) The counter for node root dir0 has been incremented by one.
(2021-10-24 11:48:29) The counter for node head node has been incremented by one.
(2021-10-24 11:48:29) The counter for node root dir0 has been incremented by one.
(2021-10-24 11:48:29) The counter for node 9 has been incremented by one.
(2021-10-24 11:48:29) The counter for node head node has been incremented by one.
(2021-10-24 11:48:29) The counter for node 5 has been incremented by one.
(2021-10-24 11:48:29) The counter for node head node has been incremented by one.
(2021-10-24 11:48:29) The counter for node 7 has been incremented by one.
(2021-10-24 11:48:29) The counter for node 6 has been incremented by one.
(2021-10-24 11:48:29) The counter for node head node has been incremented by one.
(2021-10-24 11:48:29) The counter for node 4 has been incremented by one.
(2021-10-24 11:48:29) The counter for node head node has been incremented by one.
(2021-10-24 11:48:29) The counter for node 8 has been incremented by one.
(2021-10-24 11:48:29) The counter for node 3 has been incremented by one.
(2021-10-24 11:48:29) The counter for node 2 has been incremented by one.
(2021-10-24 11:48:29) The counter for node 1 has been incremented by one.
(2021-10-24 11:48:29) The counter for node head node has been incremented by one.
(2021-10-24 11:48:29) The counter for node root dir1 has been incremented by one.
(2021-10-24 11:48:42) The counter for node head node has been incremented by one.
(2021-10-24 11:48:42) The counter for node root dir0 has been incremented by one.
(2021-10-24 11:48:42) The counter for node 9 has been incremented by one.
(2021-10-24 11:48:42) The counter for node head node has been incremented by one.
(2021-10-24 11:48:42) The counter for node 5 has been incremented by one.
(2021-10-24 11:48:42) The counter for node head node has been incremented by one.
(2021-10-24 11:48:42) The counter for node 7 has been incremented by one.
(2021-10-24 11:48:42) The counter for node 6 has been incremented by one.
(2021-10-24 11:48:42) The counter for node head node has been incremented by one.
(2021-10-24 11:48:42) The counter for node 4 has been incremented by one.
(2021-10-24 11:48:42) The counter for node head node has been incremented by one.
(2021-10-24 11:48:42) The counter for node 8 has been incremented by one.
(2021-10-24 11:48:42) The counter for node 3 has been incremented by one.
(2021-10-24 11:48:42) The counter for node 2 has been incremented by one.
(2021-10-24 11:48:42) The counter for node 1 has been incremented by one.
(2021-10-24 11:48:42) The counter for node head node has been incremented by one.
(2021-10-24 11:48:42) The counter for node root dir1 has been incremented by one.
(2021-10-24 11:49:54) The counter for node head node has been incremented by one.
(2021-10-24 11:49:54) The counter for node root dir0 has been incremented by one.
(2021-10-24 11:49:54) The counter for node 9 has been incremented by one.
(2021-10-24 11:49:54) The counter for node head node has been incremented by one.
(2021-10-24 11:49:54) The counter for node 5 has been incremented by one.
(2021-10-24 11:49:54) The counter for node head node has been incremented by one.
(2021-10-24 11:49:54) The counter for node 7 has been incremented by one.
(2021-10-24 11:49:54) The counter for node 6 has been incremented by one.
(2021-10-24 11:49:54) The counter for node head node has been incremented by one.
(2021-10-24 11:49:54) The counter for node 4 has been incremented by one.
(2021-10-24 11:49:54) The counter for node head node has been incremented by one.
(2021-10-24 11:49:54) The counter for node 8 has been incremented by one.
(2021-10-24 11:49:54) The counter for node 3 has been incremented by one.
(2021-10-24 11:49:54) The counter for node 2 has been incremented by one.
(2021-10-24 11:49:54) The counter for node 1 has been incremented by one.
(2021-10-24 11:49:54) The counter for node head node has been incremented by one.
(2021-10-24 11:49:54) The counter for node root dir1 has been incremented by one.
(2021-10-24 11:50:22) The counter for node head node has been incremented by one.
(2021-10-24 11:50:22) The counter for node root dir0 has been incremented by one.
(2021-10-24 11:50:22) The counter for node 9 has been incremented by one.
(2021-10-24 11:50:22) The counter for node head node has been incremented by one.
(2021-10-24 11:50:22) The counter for node 5 has been incremented by one.
(2021-10-24 11:50:22) The counter for node head node has been incremented by one.
(2021-10-24 11:50:22) The counter for node 7 has been incremented by one.
(2021-10-24 11:50:22) The counter for node 6 has been incremented by one.
(2021-10-24 11:50:22) The counter for node head node has been incremented by one.
(2021-10-24 11:50:22) The counter for node 4 has been incremented by one.
(2021-10-24 11:50:22) The counter for node head node has been incremented by one.
(2021-10-24 11:50:22) The counter for node 8 has been incremented by one.
(2021-10-24 11:50:22) The counter for node 3 has been incremented by one.
(2021-10-24 11:50:22) The counter for node 2 has been incremented by one.
(2021-10-24 11:50:22) The counter for node 1 has been incremented by one.
(2021-10-24 11:50:22) The counter for node head node has been incremented by one.
(2021-10-24 11:50:22) The counter for node root dir1 has been incremented by one.
(2021-10-24 11:50:22) Node 4 will be deleted...
(2021-10-24 11:50:22) Deleting completed.
(2021-10-24 11:50:22) Node head node will be deleted...
(2021-10-24 11:50:22) Deleting completed.
(2021-10-24 11:50:22) Node 8 will be deleted...
(2021-10-24 11:50:22) Deleting completed.
(2021-10-24 11:50:52) The counter for node head node has been incremented by one.
(2021-10-24 11:50:52) The counter for node root dir0 has been incremented by one.
(2021-10-24 11:50:52) The counter for node 9 has been incremented by one.
(2021-10-24 11:50:52) The counter for node head node has been incremented by one.
(2021-10-24 11:50:52) The counter for node 5 has been incremented by one.
(2021-10-24 11:50:52) The counter for node head node has been incremented by one.
(2021-10-24 11:50:52) The counter for node 7 has been incremented by one.
(2021-10-24 11:50:52) The counter for node 6 has been incremented by one.
(2021-10-24 11:50:52) The counter for node head node has been incremented by one.
(2021-10-24 11:50:52) The counter for node 4 has been incremented by one.
(2021-10-24 11:50:52) The counter for node head node has been incremented by one.
(2021-10-24 11:50:52) The counter for node 8 has been incremented by one.
(2021-10-24 11:50:52) The counter for node 3 has been incremented by one.
(2021-10-24 11:50:52) The counter for node 2 has been incremented by one.
(2021-10-24 11:50:52) The counter for node 1 has been incremented by one.
(2021-10-24 11:50:52) The counter for node head node has been incremented by one.
(2021-10-24 11:50:52) The counter for node root dir1 has been incremented by one.
(2021-10-24 11:51:07) The counter for node head node has been incremented by one.
(2021-10-24 11:51:07) The counter for node root dir0 has been incremented by one.
(2021-10-24 11:51:07) The counter for node 9 has been incremented by one.
(2021-10-24 11:51:07) The counter for node head node has been incremented by one.
(2021-10-24 11:51:07) The counter for node 5 has been incremented by one.
(2021-10-24 11:51:07) The counter for node head node has been incremented by one.
(2021-10-24 11:51:07) The counter for node 7 has been incremented by one.
(2021-10-24 11:51:07) The counter for node 6 has been incremented by one.
(2021-10-24 11:51:07) The counter for node head node has been incremented by one.
(2021-10-24 11:51:07) The counter for node 4 has been incremented by one.
(2021-10-24 11:51:07) The counter for node head node has been incremented by one.
(2021-10-24 11:51:07) The counter for node 8 has been incremented by one.
(2021-10-24 11:51:07) The counter for node 3 has been incremented by one.
(2021-10-24 11:51:07) The counter for node 2 has been incremented by one.
(2021-10-24 11:51:07) The counter for node 1 has been incremented by one.
(2021-10-24 11:51:07) The counter for node head node has been incremented by one.
(2021-10-24 11:51:07) The counter for node root dir1 has been incremented by one.
(2021-10-24 11:51:38) The counter for node head node has been incremented by one.
(2021-10-24 11:51:38) The counter for node root dir0 has been incremented by one.
(2021-10-24 11:51:38) The counter for node 9 has been incremented by one.
(2021-10-24 11:51:38) The counter for node head node has been incremented by one.
(2021-10-24 11:51:38) The counter for node 5 has been incremented by one.
(2021-10-24 11:51:38) The counter for node head node has been incremented by one.
(2021-10-24 11:51:38) The counter for node 7 has been incremented by one.
(2021-10-24 11:51:38) The counter for node 6 has been incremented by one.
(2021-10-24 11:51:38) The counter for node head node has been incremented by one.
(2021-10-24 11:51:38) The counter for node 4 has been incremented by one.
(2021-10-24 11:51:38) The counter for node head node has been incremented by one.
(2021-10-24 11:51:38) The counter for node 8 has been incremented by one.
(2021-10-24 11:51:38) The counter for node 3 has been incremented by one.
(2021-10-24 11:51:38) The counter for node 2 has been incremented by one.
(2021-10-24 11:51:38) The counter for node 1 has been incremented by one.
(2021-10-24 11:51:38) The counter for node head node has been incremented by one.
(2021-10-24 11:51:38) The counter for node root dir1 has been incremented by one.
(2021-10-24 11:51:54) The counter for node head node has been incremented by one.
(2021-10-24 11:51:54) The counter for node root dir0 has been incremented by one.
(2021-10-24 11:51:54) The counter for node 9 has been incremented by one.
(2021-10-24 11:51:54) The counter for node head node has been incremented by one.
(2021-10-24 11:51:54) The counter for node 5 has been incremented by one.
(2021-10-24 11:51:54) The counter for node head node has been incremented by one.
(2021-10-24 11:51:54) The counter for node 7 has been incremented by one.
(2021-10-24 11:51:54) The counter for node 6 has been incremented by one.
(2021-10-24 11:51:54) The counter for node head node has been incremented by one.
(2021-10-24 11:51:54) The counter for node 4 has been incremented by one.
(2021-10-24 11:51:54) The counter for node head node has been incremented by one.
(2021-10-24 11:51:54) The counter for node 8 has been incremented by one.
(2021-10-24 11:51:54) The counter for node 3 has been incremented by one.
(2021-10-24 11:51:54) The counter for node 2 has been incremented by one.
(2021-10-24 11:51:54) The counter for node 1 has been incremented by one.
(2021-10-24 11:51:54) The counter for node head node has been incremented by one.
(2021-10-24 11:51:54) The counter for node root dir1 has been incremented by one.
(2021-10-24 11:51:54) Node head node will be deleted...
(2021-10-24 11:51:54) Deleting completed.
(2021-10-24 11:51:54) Node  will be deleted...
(2021-10-24 11:51:54) Deleting completed.
(2021-10-24 11:52:04) The counter for node head node has been incremented by one.
(2021-10-24 11:52:04) The counter for node root dir0 has been incremented by one.
(2021-10-24 11:52:04) The counter for node 9 has been incremented by one.
(2021-10-24 11:52:04) The counter for node head node has been incremented by one.
(2021-10-24 11:52:04) The counter for node 5 has been incremented by one.
(2021-10-24 11:52:04) The counter for node head node has been incremented by one.
(2021-10-24 11:52:04) The counter for node 7 has been incremented by one.
(2021-10-24 11:52:04) The counter for node 6 has been incremented by one.
(2021-10-24 11:52:04) The counter for node head node has been incremented by one.
(2021-10-24 11:52:04) The counter for node 4 has been incremented by one.
(2021-10-24 11:52:04) The counter for node head node has been incremented by one.
(2021-10-24 11:52:04) The counter for node 8 has been incremented by one.
(2021-10-24 11:52:04) The counter for node 3 has been incremented by one.
(2021-10-24 11:52:04) The counter for node 2 has been incremented by one.
(2021-10-24 11:52:04) The counter for node 1 has been incremented by one.
(2021-10-24 11:52:04) The counter for node head node has been incremented by one.
(2021-10-24 11:52:04) The counter for node root dir1 has been incremented by one.
(2021-10-24 11:52:18) The counter for node head node has been incremented by one.
(2021-10-24 11:52:18) The counter for node root dir0 has been incremented by one.
(2021-10-24 11:52:18) The counter for node 9 has been incremented by one.
(2021-10-24 11:52:18) The counter for node head node has been incremented by one.
(2021-10-24 11:52:18) The counter for node 5 has been incremented by one.
(2021-10-24 11:52:18) The counter for node head node has been incremented by one.
(2021-10-24 11:52:18) The counter for node 7 has been incremented by one.
(2021-10-24 11:52:18) The counter for node 6 has been incremented by one.
(2021-10-24 11:52:18) The counter for node head node has been incremented by one.
(2021-10-24 11:52:18) The counter for node 4 has been incremented by one.
(2021-10-24 11:52:18) The counter for node head node has been incremented by one.
(2021-10-24 11:52:18) The counter for node 8 has been incremented by one.
(2021-10-24 11:52:18) The counter for node 3 has been incremented by one.
(2021-10-24 11:52:18) The counter for node 2 has been incremented by one.
(2021-10-24 11:52:18) The counter for node 1 has been incremented by one.
(2021-10-24 11:52:18) The counter for node head node has been incremented by one.
(2021-10-24 11:52:18) The counter for node root dir1 has been incremented by one.
(2021-10-24 11:52:39) The counter for node head node has been incremented by one.
(2021-10-24 11:52:39) The counter for node root dir0 has been incremented by one.
(2021-10-24 11:52:39) The counter for node 9 has been incremented by one.
(2021-10-24 11:52:39) The counter for node head node has been incremented by one.
(2021-10-24 11:52:39) The counter for node 5 has been incremented by one.
(2021-10-24 11:52:39) The counter for node head node has been incremented by one.
(2021-10-24 11:52:39) The counter for node 7 has been incremented by one.
(2021-10-24 11:52:39) The counter for node 6 has been incremented by one.
(2021-10-24 11:52:39) The counter for node head node has been incremented by one.
(2021-10-24 11:52:39) The counter for node 4 has been incremented by one.
(2021-10-24 11:52:39) The counter for node head node has been incremented by one.
(2021-10-24 11:52:39) The counter for node 8 has been incremented by one.
(2021-10-24 11:52:39) The counter for node 3 has been incremented by one.
(2021-10-24 11:52:39) The counter for node 2 has been incremented by one.
(2021-10-24 11:52:39) The counter for node 1 has been incremented by one.
(2021-10-24 11:52:39) The counter for node head node has been incremented by one.
(2021-10-24 11:52:39) The counter for node root dir1 has been incremented by one.
(2021-10-24 11:52:39) Node head node will be deleted...
(2021-10-24 11:52:39) Deleting completed.
(2021-10-24 11:52:39) Node   will be deleted...
(2021-10-24 11:52:39) Deleting completed.
(2021-10-24 11:52:55) The counter for node head node has been incremented by one.
(2021-10-24 11:52:55) The counter for node root dir0 has been incremented by one.
(2021-10-24 11:52:55) The counter for node 9 has been incremented by one.
(2021-10-24 11:52:55) The counter for node head node has been incremented by one.
(2021-10-24 11:52:55) The counter for node 5 has been incremented by one.
(2021-10-24 11:52:55) The counter for node head node has been incremented by one.
(2021-10-24 11:52:55) The counter for node 7 has been incremented by one.
(2021-10-24 11:52:55) The counter for node 6 has been incremented by one.
(2021-10-24 11:52:55) The counter for node head node has been incremented by one.
(2021-10-24 11:52:55) The counter for node 4 has been incremented by one.
(2021-10-24 11:52:55) The counter for node head node has been incremented by one.
(2021-10-24 11:52:55) The counter for node 8 has been incremented by one.
(2021-10-24 11:52:55) The counter for node 3 has been incremented by one.
(2021-10-24 11:52:55) The counter for node 2 has been incremented by one.
(2021-10-24 11:52:55) The counter for node 1 has been incremented by one.
(2021-10-24 11:52:55) The counter for node head node has been incremented by one.
(2021-10-24 11:52:55) The counter for node root dir1 has been incremented by one.
(2021-10-24 11:52:55) Node head node will be deleted...
(2021-10-24 11:52:55) Deleting completed.
(2021-10-24 11:52:55) Node   will be deleted...
(2021-10-24 11:52:55) Deleting completed.
(2021-10-24 11:53:06) The counter for node head node has been incremented by one.
(2021-10-24 11:53:06) The counter for node root dir0 has been incremented by one.
(2021-10-24 11:53:06) The counter for node 9 has been incremented by one.
(2021-10-24 11:53:06) The counter for node head node has been incremented by one.
(2021-10-24 11:53:06) The counter for node 5 has been incremented by one.
(2021-10-24 11:53:06) The counter for node head node has been incremented by one.
(2021-10-24 11:53:06) The counter for node 7 has been incremented by one.
(2021-10-24 11:53:06) The counter for node 6 has been incremented by one.
(2021-10-24 11:53:06) The counter for node head node has been incremented by one.
(2021-10-24 11:53:06) The counter for node 4 has been incremented by one.
(2021-10-24 11:53:06) The counter for node head node has been incremented by one.
(2021-10-24 11:53:06) The counter for node 8 has been incremented by one.
(2021-10-24 11:53:06) The counter for node 3 has been incremented by one.
(2021-10-24 11:53:06) The counter for node 2 has been incremented by one.
(2021-10-24 11:53:06) The counter for node 1 has been incremented by one.
(2021-10-24 11:53:06) The counter for node head node has been incremented by one.
(2021-10-24 11:53:06) The counter for node root dir1 has been incremented by one.
(2021-10-24 11:53:06) Node head node will be deleted...
(2021-10-24 11:53:06) Deleting completed.
(2021-10-24 11:53:06) Node   will be deleted...
(2021-10-24 11:53:06) Deleting completed.
(2021-10-24 11:53:39) The counter for node head node has been incremented by one.
(2021-10-24 11:53:39) The counter for node root dir0 has been incremented by one.
(2021-10-24 11:53:39) The counter for node 9 has been incremented by one.
(2021-10-24 11:53:39) The counter for node head node has been incremented by one.
(2021-10-24 11:53:39) The counter for node 5 has been incremented by one.
(2021-10-24 11:53:39) The counter for node head node has been incremented by one.
(2021-10-24 11:53:39) The counter for node 7 has been incremented by one.
(2021-10-24 11:53:39) The counter for node 6 has been incremented by one.
(2021-10-24 11:53:39) The counter for node head node has been incremented by one.
(2021-10-24 11:53:39) The counter for node 4 has been incremented by one.
(2021-10-24 11:53:39) The counter for node head node has been incremented by one.
(2021-10-24 11:53:39) The counter for node 8 has been incremented by one.
(2021-10-24 11:53:39) The counter for node 3 has been incremented by one.
(2021-10-24 11:53:39) The counter for node 2 has been incremented by one.
(2021-10-24 11:53:39) The counter for node 1 has been incremented by one.
(2021-10-24 11:53:39) The counter for node head node has been incremented by one.
(2021-10-24 11:53:39) The counter for node root dir1 has been incremented by one.
(2021-10-24 11:54:04) The counter for node head node has been incremented by one.
(2021-10-24 11:54:04) The counter for node root dir0 has been incremented by one.
(2021-10-24 11:54:04) The counter for node 9 has been incremented by one.
(2021-10-24 11:54:04) The counter for node head node has been incremented by one.
(2021-10-24 11:54:04) The counter for node 5 has been incremented by one.
(2021-10-24 11:54:04) The counter for node head node has been incremented by one.
(2021-10-24 11:54:04) The counter for node 7 has been incremented by one.
(2021-10-24 11:54:04) The counter for node 6 has been incremented by one.
(2021-10-24 11:54:04) The counter for node head node has been incremented by one.
(2021-10-24 11:54:04) The counter for node 4 has been incremented by one.
(2021-10-24 11:54:04) The counter for node head node has been incremented by one.
(2021-10-24 11:54:04) The counter for node 8 has been incremented by one.
(2021-10-24 11:54:04) The counter for node 3 has been incremented by one.
(2021-10-24 11:54:04) The counter for node 2 has been incremented by one.
(2021-10-24 11:54:04) The counter for node 1 has been incremented by one.
(2021-10-24 11:54:04) The counter for node head node has been incremented by one.
(2021-10-24 11:54:04) The counter for node root dir1 has been incremented by one.
(2021-10-24 11:54:49) The counter for node head node has been incremented by one.
(2021-10-24 11:54:49) The counter for node root dir0 has been incremented by one.
(2021-10-24 11:54:49) The counter for node 9 has been incremented by one.
(2021-10-24 11:54:49) The counter for node head node has been incremented by one.
(2021-10-24 11:54:49) The counter for node 5 has been incremented by one.
(2021-10-24 11:54:49) The counter for node head node has been incremented by one.
(2021-10-24 11:54:49) The counter for node 7 has been incremented by one.
(2021-10-24 11:54:49) The counter for node 6 has been incremented by one.
(2021-10-24 11:54:49) The counter for node head node has been incremented by one.
(2021-10-24 11:54:49) The counter for node 4 has been incremented by one.
(2021-10-24 11:54:49) The counter for node head node has been incremented by one.
(2021-10-24 11:54:49) The counter for node 8 has been incremented by one.
(2021-10-24 11:54:49) The counter for node 3 has been incremented by one.
(2021-10-24 11:54:49) The counter for node 2 has been incremented by one.
(2021-10-24 11:54:49) The counter for node 1 has been incremented by one.
(2021-10-24 11:54:49) The counter for node head node has been incremented by one.
(2021-10-24 11:54:49) The counter for node root dir1 has been incremented by one.
(2021-10-24 11:55:31) The counter for node head node has been incremented by one.
(2021-10-24 11:55:31) The counter for node root dir0 has been incremented by one.
(2021-10-24 11:55:31) The counter for node 9 has been incremented by one.
(2021-10-24 11:55:31) The counter for node head node has been incremented by one.
(2021-10-24 11:55:31) The counter for node 5 has been incremented by one.
(2021-10-24 11:55:31) The counter for node head node has been incremented by one.
(2021-10-24 11:55:31) The counter for node 7 has been incremented by one.
(2021-10-24 11:55:31) The counter for node 6 has been incremented by one.
(2021-10-24 11:55:31) The counter for node head node has been incremented by one.
(2021-10-24 11:55:31) The counter for node 4 has been incremented by one.
(2021-10-24 11:55:31) The counter for node head node has been incremented by one.
(2021-10-24 11:55:31) The counter for node 8 has been incremented by one.
(2021-10-24 11:55:31) The counter for node 3 has been incremented by one.
(2021-10-24 11:55:31) The counter for node 2 has been incremented by one.
(2021-10-24 11:55:31) The counter for node 1 has been incremented by one.
(2021-10-24 11:55:31) The counter for node head node has been incremented by one.
(2021-10-24 11:55:31) The counter for node root dir1 has been incremented by one.
(2021-10-24 11:55:44) The counter for node head node has been incremented by one.
(2021-10-24 11:55:44) The counter for node root dir0 has been incremented by one.
(2021-10-24 11:55:44) The counter for node 9 has been incremented by one.
(2021-10-24 11:55:44) The counter for node head node has been incremented by one.
(2021-10-24 11:55:44) The counter for node 5 has been incremented by one.
(2021-10-24 11:55:44) The counter for node head node has been incremented by one.
(2021-10-24 11:55:44) The counter for node 7 has been incremented by one.
(2021-10-24 11:55:44) The counter for node 6 has been incremented by one.
(2021-10-24 11:55:44) The counter for node head node has been incremented by one.
(2021-10-24 11:55:44) The counter for node 4 has been incremented by one.
(2021-10-24 11:55:44) The counter for node head node has been incremented by one.
(2021-10-24 11:55:44) The counter for node 8 has been incremented by one.
(2021-10-24 11:55:44) The counter for node 3 has been incremented by one.
(2021-10-24 11:55:44) The counter for node 2 has been incremented by one.
(2021-10-24 11:55:44) The counter for node 1 has been incremented by one.
(2021-10-24 11:55:44) The counter for node head node has been incremented by one.
(2021-10-24 11:55:44) The counter for node root dir1 has been incremented by one.
(2021-10-24 11:56:02) The counter for node head node has been incremented by one.
(2021-10-24 11:56:02) The counter for node root dir0 has been incremented by one.
(2021-10-24 11:56:02) The counter for node 9 has been incremented by one.
(2021-10-24 11:56:02) The counter for node head node has been incremented by one.
(2021-10-24 11:56:02) The counter for node 5 has been incremented by one.
(2021-10-24 11:56:02) The counter for node head node has been incremented by one.
(2021-10-24 11:56:02) The counter for node 7 has been incremented by one.
(2021-10-24 11:56:02) The counter for node 6 has been incremented by one.
(2021-10-24 11:56:02) The counter for node head node has been incremented by one.
(2021-10-24 11:56:02) The counter for node 4 has been incremented by one.
(2021-10-24 11:56:02) The counter for node head node has been incremented by one.
(2021-10-24 11:56:02) The counter for node 8 has been incremented by one.
(2021-10-24 11:56:02) The counter for node 3 has been incremented by one.
(2021-10-24 11:56:02) The counter for node 2 has been incremented by one.
(2021-10-24 11:56:02) The counter for node 1 has been incremented by one.
(2021-10-24 11:56:02) The counter for node head node has been incremented by one.
(2021-10-24 11:56:02) The counter for node root dir1 has been incremented by one.
(2021-10-24 11:56:02) Node 9 will be deleted...
(2021-10-24 11:56:02) Deleting completed.
(2021-10-24 11:56:02) Node head node will be deleted...
(2021-10-24 11:56:02) Deleting completed.
(2021-10-24 11:56:02) Node 5 will be deleted...
(2021-10-24 11:56:02) Deleting completed.
(2021-10-24 11:56:02) Node head node will be deleted...
(2021-10-24 11:56:02) Deleting completed.
(2021-10-24 11:56:02) Node 1 will be deleted...
(2021-10-24 11:56:02) Deleting completed.
(2021-10-24 11:56:38) The counter for node head node has been incremented by one.
(2021-10-24 11:56:38) The counter for node root dir0 has been incremented by one.
(2021-10-24 11:56:38) The counter for node 9 has been incremented by one.
(2021-10-24 11:56:38) The counter for node head node has been incremented by one.
(2021-10-24 11:56:38) The counter for node 5 has been incremented by one.
(2021-10-24 11:56:38) The counter for node head node has been incremented by one.
(2021-10-24 11:56:38) The counter for node 7 has been incremented by one.
(2021-10-24 11:56:38) The counter for node 6 has been incremented by one.
(2021-10-24 11:56:38) The counter for node head node has been incremented by one.
(2021-10-24 11:56:38) The counter for node 4 has been incremented by one.
(2021-10-24 11:56:38) The counter for node head node has been incremented by one.
(2021-10-24 11:56:38) The counter for node 8 has been incremented by one.
(2021-10-24 11:56:38) The counter for node 3 has been incremented by one.
(2021-10-24 11:56:38) The counter for node 2 has been incremented by one.
(2021-10-24 11:56:38) The counter for node 1 has been incremented by one.
(2021-10-24 11:56:38) The counter for node head node has been incremented by one.
(2021-10-24 11:56:38) The counter for node root dir1 has been incremented by one.
(2021-10-24 11:56:38) Node 9 will be deleted...
(2021-10-24 11:56:38) Deleting completed.
(2021-10-24 11:56:38) Node head node will be deleted...
(2021-10-24 11:56:38) Deleting completed.
(2021-10-24 11:56:38) Node 5 will be deleted...
(2021-10-24 11:56:38) Deleting completed.
(2021-10-24 11:56:38) Node head node will be deleted...
(2021-10-24 11:56:38) Deleting completed.
(2021-10-24 11:56:38) Node 1 will be deleted...
(2021-10-24 11:56:38) Deleting completed.
(2021-10-24 11:56:56) The counter for node head node has been incremented by one.
(2021-10-24 11:56:56) The counter for node root dir0 has been incremented by one.
(2021-10-24 11:56:56) The counter for node 9 has been incremented by one.
(2021-10-24 11:56:56) The counter for node head node has been incremented by one.
(2021-10-24 11:56:56) The counter for node 5 has been incremented by one.
(2021-10-24 11:56:56) The counter for node head node has been incremented by one.
(2021-10-24 11:56:56) The counter for node 7 has been incremented by one.
(2021-10-24 11:56:56) The counter for node 6 has been incremented by one.
(2021-10-24 11:56:56) The counter for node head node has been incremented by one.
(2021-10-24 11:56:56) The counter for node 4 has been incremented by one.
(2021-10-24 11:56:56) The counter for node head node has been incremented by one.
(2021-10-24 11:56:56) The counter for node 8 has been incremented by one.
(2021-10-24 11:56:56) The counter for node 3 has been incremented by one.
(2021-10-24 11:56:56) The counter for node 2 has been incremented by one.
(2021-10-24 11:56:56) The counter for node 1 has been incremented by one.
(2021-10-24 11:56:56) The counter for node head node has been incremented by one.
(2021-10-24 11:56:56) The counter for node root dir1 has been incremented by one.
(2021-10-24 11:56:56) Node 9 will be deleted...
(2021-10-24 11:56:56) Deleting completed.
(2021-10-24 11:56:56) Node head node will be deleted...
(2021-10-24 11:56:56) Deleting completed.
(2021-10-24 11:56:56) Node 5 will be deleted...
(2021-10-24 11:56:56) Deleting completed.
(2021-10-24 11:56:56) Node head node will be deleted...
(2021-10-24 11:56:56) Deleting completed.
(2021-10-24 11:56:56) Node 1 will be deleted...
(2021-10-24 11:56:56) Deleting completed.
(2021-10-24 11:57:47) The counter for node head node has been incremented by one.
(2021-10-24 11:57:47) The counter for node root dir0 has been incremented by one.
(2021-10-24 11:57:47) The counter for node 9 has been incremented by one.
(2021-10-24 11:57:47) The counter for node head node has been incremented by one.
(2021-10-24 11:57:47) The counter for node 5 has been incremented by one.
(2021-10-24 11:57:47) The counter for node head node has been incremented by one.
(2021-10-24 11:57:47) The counter for node 7 has been incremented by one.
(2021-10-24 11:57:47) The counter for node 6 has been incremented by one.
(2021-10-24 11:57:47) The counter for node head node has been incremented by one.
(2021-10-24 11:57:47) The counter for node 4 has been incremented by one.
(2021-10-24 11:57:47) The counter for node head node has been incremented by one.
(2021-10-24 11:57:47) The counter for node 8 has been incremented by one.
(2021-10-24 11:57:47) The counter for node 3 has been incremented by one.
(2021-10-24 11:57:47) The counter for node 2 has been incremented by one.
(2021-10-24 11:57:47) The counter for node 1 has been incremented by one.
(2021-10-24 11:57:47) The counter for node head node has been incremented by one.
(2021-10-24 11:57:47) The counter for node root dir1 has been incremented by one.
(2021-10-24 11:57:47) Node 9 will be deleted...
(2021-10-24 11:57:47) Deleting completed.
(2021-10-24 11:57:47) Node head node will be deleted...
(2021-10-24 11:57:47) Deleting completed.
(2021-10-24 11:57:47) Node 5 will be deleted...
(2021-10-24 11:57:47) Deleting completed.
(2021-10-24 11:57:47) Node head node will be deleted...
(2021-10-24 11:57:47) Deleting completed.
(2021-10-24 11:57:47) Node 1 will be deleted...
(2021-10-24 11:57:47) Deleting completed.
(2021-10-24 11:58:11) The counter for node head node has been incremented by one.
(2021-10-24 11:58:11) The counter for node root dir0 has been incremented by one.
(2021-10-24 11:58:11) The counter for node 9 has been incremented by one.
(2021-10-24 11:58:11) The counter for node head node has been incremented by one.
(2021-10-24 11:58:11) The counter for node 5 has been incremented by one.
(2021-10-24 11:58:11) The counter for node head node has been incremented by one.
(2021-10-24 11:58:11) The counter for node 7 has been incremented by one.
(2021-10-24 11:58:11) The counter for node 6 has been incremented by one.
(2021-10-24 11:58:11) The counter for node head node has been incremented by one.
(2021-10-24 11:58:11) The counter for node 4 has been incremented by one.
(2021-10-24 11:58:11) The counter for node head node has been incremented by one.
(2021-10-24 11:58:11) The counter for node 8 has been incremented by one.
(2021-10-24 11:58:11) The counter for node 3 has been incremented by one.
(2021-10-24 11:58:11) The counter for node 2 has been incremented by one.
(2021-10-24 11:58:11) The counter for node 1 has been incremented by one.
(2021-10-24 11:58:11) The counter for node head node has been incremented by one.
(2021-10-24 11:58:11) The counter for node root dir1 has been incremented by one.
(2021-10-24 11:58:11) Node 9 will be deleted...
(2021-10-24 11:58:11) Deleting completed.
(2021-10-24 11:58:11) Node head node will be deleted...
(2021-10-24 11:58:11) Deleting completed.
(2021-10-24 11:58:11) Node 5 will be deleted...
(2021-10-24 11:58:11) Deleting completed.
(2021-10-24 11:58:11) Node head node will be deleted...
(2021-10-24 11:58:11) Deleting completed.
(2021-10-24 11:58:11) Node 1 will be deleted...
(2021-10-24 11:58:11) Deleting completed.
(2021-10-24 16:41:59) The counter for node head node has been incremented by one.
(2021-10-24 16:41:59) The counter for node root dir0 has been incremented by one.
(2021-10-24 16:44:49) The counter for node head node has been incremented by one.
(2021-10-24 16:44:49) The counter for node root dir0 has been incremented by one.
(2021-10-24 16:44:49) The counter for node 9 has been incremented by one.
(2021-10-24 16:44:49) The counter for node head node has been incremented by one.
(2021-10-24 16:44:49) The counter for node 5 has been incremented by one.
(2021-10-24 16:44:49) The counter for node head node has been incremented by one.
(2021-10-24 16:44:49) The counter for node 7 has been incremented by one.
(2021-10-24 16:44:49) The counter for node 6 has been incremented by one.
(2021-10-24 16:44:49) The counter for node head node has been incremented by one.
(2021-10-24 16:44:49) The counter for node 4 has been incremented by one.
(2021-10-24 16:44:49) The counter for node head node has been incremented by one.
(2021-10-24 16:44:49) The counter for node 8 has been incremented by one.
(2021-10-24 16:44:49) The counter for node 3 has been incremented by one.
(2021-10-24 16:44:49) The counter for node 2 has been incremented by one.
(2021-10-24 16:44:49) The counter for node 1 has been incremented by one.
(2021-10-24 16:44:49) The counter for node head node has been incremented by one.
(2021-10-24 16:44:49) The counter for node root dir1 has been incremented by one.
(2021-10-24 16:45:02) The counter for node head node has been incremented by one.
(2021-10-24 16:45:02) The counter for node root dir0 has been incremented by one.
(2021-10-24 16:45:02) The counter for node 9 has been incremented by one.
(2021-10-24 16:45:02) The counter for node head node has been incremented by one.
(2021-10-24 16:45:02) The counter for node 5 has been incremented by one.
(2021-10-24 16:45:02) The counter for node head node has been incremented by one.
(2021-10-24 16:45:02) The counter for node 7 has been incremented by one.
(2021-10-24 16:45:02) The counter for node 6 has been incremented by one.
(2021-10-24 16:45:02) The counter for node head node has been incremented by one.
(2021-10-24 16:45:02) The counter for node 4 has been incremented by one.
(2021-10-24 16:45:02) The counter for node head node has been incremented by one.
(2021-10-24 16:45:02) The counter for node 8 has been incremented by one.
(2021-10-24 16:45:02) The counter for node 3 has been incremented by one.
(2021-10-24 16:45:02) The counter for node 2 has been incremented by one.
(2021-10-24 16:45:02) The counter for node 1 has been incremented by one.
(2021-10-24 16:45:02) The counter for node head node has been incremented by one.
(2021-10-24 16:45:02) The counter for node root dir1 has been incremented by one.
(2021-10-24 16:45:16) The counter for node head node has been incremented by one.
(2021-10-24 16:45:16) The counter for node root dir0 has been incremented by one.
(2021-10-24 16:45:16) The counter for node 9 has been incremented by one.
(2021-10-24 16:45:16) The counter for node head node has been incremented by one.
(2021-10-24 16:45:16) The counter for node 5 has been incremented by one.
(2021-10-24 16:45:16) The counter for node head node has been incremented by one.
(2021-10-24 16:45:16) The counter for node 7 has been incremented by one.
(2021-10-24 16:45:16) The counter for node 6 has been incremented by one.
(2021-10-24 16:45:16) The counter for node head node has been incremented by one.
(2021-10-24 16:45:16) The counter for node 4 has been incremented by one.
(2021-10-24 16:45:16) The counter for node head node has been incremented by one.
(2021-10-24 16:45:16) The counter for node 8 has been incremented by one.
(2021-10-24 16:45:16) The counter for node 3 has been incremented by one.
(2021-10-24 16:45:16) The counter for node 2 has been incremented by one.
(2021-10-24 16:45:16) The counter for node 1 has been incremented by one.
(2021-10-24 16:45:16) The counter for node head node has been incremented by one.
(2021-10-24 16:45:16) The counter for node root dir1 has been incremented by one.
